[debug] [2019-08-27T17:19:45.671Z] ----------------------------------------------------------------------
[debug] [2019-08-27T17:19:45.673Z] Command:       /usr/local/bin/node /usr/local/bin/firebase init
[debug] [2019-08-27T17:19:45.674Z] CLI Version:   7.2.4
[debug] [2019-08-27T17:19:45.674Z] Platform:      darwin
[debug] [2019-08-27T17:19:45.674Z] Node Version:  v10.16.3
[debug] [2019-08-27T17:19:45.674Z] Time:          Tue Aug 27 2019 22:49:45 GMT+0530 (India Standard Time)
[debug] [2019-08-27T17:19:45.674Z] ----------------------------------------------------------------------
[debug] 
[debug] [2019-08-27T17:19:45.681Z] > command requires scopes: ["email","openid","https://www.googleapis.com/auth/cloudplatformprojects.readonly","https://www.googleapis.com/auth/firebase","https://www.googleapis.com/auth/cloud-platform"]
[debug] [2019-08-27T17:19:45.681Z] > authorizing via signed-in user
[info] 
     ######## #### ########  ######## ########     ###     ######  ########
     ##        ##  ##     ## ##       ##     ##  ##   ##  ##       ##
     ######    ##  ########  ######   ########  #########  ######  ######
     ##        ##  ##    ##  ##       ##     ## ##     ##       ## ##
     ##       #### ##     ## ######## ########  ##     ##  ######  ########

You're about to initialize a Firebase project in this directory:

  /Users/akhil/Documents/Node_Js/firebase_web_login

[info] 
=== Project Setup
[info] 
[info] First, let's associate this project directory with a Firebase project.
[info] You can create multiple project aliases by running firebase use --add, 
[info] but for now we'll just set up a default project.
[info] 
[debug] [2019-08-27T17:21:26.581Z] TypeError: Cannot read property 'setRawMode' of null
    at ReadStream.setRawMode (tty.js:69:28)
    at Interface._setRawMode (readline.js:269:16)
    at Interface.close (readline.js:394:10)
    at ReadStream.ontermend (readline.js:180:10)
    at ReadStream.emit (events.js:203:15)
    at ReadStream.EventEmitter.emit (domain.js:448:20)
    at endReadableNT (_stream_readable.js:1145:12)
    at process._tickCallback (internal/process/next_tick.js:63:19)
